2018/09/18 11:41:39 [error] [exception.CHttpException.400] exception 'CHttpException' with message '您的请求无效。' in D:\xampp\htdocs\yii\framework\web\CController.php:337
Stack trace:
#0 D:\xampp\htdocs\yii\framework\web\CController.php(310): CController->invalidActionParams(Object(CInlineAction))
#1 D:\xampp\htdocs\yii\framework\web\filters\CFilterChain.php(134): CController->runAction(Object(CInlineAction))
#2 D:\xampp\htdocs\yii\framework\web\filters\CFilter.php(41): CFilterChain->run()
#3 D:\xampp\htdocs\yii\framework\web\CController.php(1146): CFilter->filter(Object(CFilterChain))
#4 D:\xampp\htdocs\yii\framework\web\filters\CInlineFilter.php(59): CController->filterAccessControl(Object(CFilterChain))
#5 D:\xampp\htdocs\yii\framework\web\filters\CFilterChain.php(131): CInlineFilter->filter(Object(CFilterChain))
#6 D:\xampp\htdocs\dr\protected\components\Controller.php(71): CFilterChain->run()
#7 D:\xampp\htdocs\yii\framework\web\filters\CInlineFilter.php(59): Controller->filterEnforceNoConcurrentLogin(Object(CFilterChain))
#8 D:\xampp\htdocs\yii\framework\web\filters\CFilterChain.php(131): CInlineFilter->filter(Object(CFilterChain))
#9 D:\xampp\htdocs\dr\protected\components\Controller.php(95): CFilterChain->run()
#10 D:\xampp\htdocs\yii\framework\web\filters\CInlineFilter.php(59): Controller->filterEnforceSessionExpiration(Object(CFilterChain))
#11 D:\xampp\htdocs\yii\framework\web\filters\CFilterChain.php(131): CInlineFilter->filter(Object(CFilterChain))
#12 D:\xampp\htdocs\dr\protected\components\Controller.php(51): CFilterChain->run()
#13 D:\xampp\htdocs\yii\framework\web\filters\CInlineFilter.php(59): Controller->filterEnforceRegisteredStation(Object(CFilterChain))
#14 D:\xampp\htdocs\yii\framework\web\filters\CFilterChain.php(131): CInlineFilter->filter(Object(CFilterChain))
#15 D:\xampp\htdocs\yii\framework\web\CController.php(292): CFilterChain->run()
#16 D:\xampp\htdocs\yii\framework\web\CController.php(266): CController->runActionWithFilters(Object(CInlineAction), Array)
#17 D:\xampp\htdocs\yii\framework\web\CWebApplication.php(283): CController->run('summarize')
#18 D:\xampp\htdocs\yii\framework\web\CWebApplication.php(142): CWebApplication->runController('month/summarize')
#19 D:\xampp\htdocs\yii\framework\base\CApplication.php(162): CWebApplication->processRequest()
#20 D:\xampp\htdocs\dr\index.php(13): CApplication->run()
#21 {main}
REQUEST_URI=/dr/month/summarize?index=463
HTTP_REFERER=http://192.168.3.210/dr/month/view?index=463&city=SH
---
2018/09/18 11:41:48 [error] [php] Missing argument 2 for MonthForm::retrieveData(), called in D:\xampp\htdocs\dr\protected\controllers\MonthController.php on line 109 and defined (D:\xampp\htdocs\dr\protected\models\MonthForm.php:58)
Stack trace:
#0 D:\xampp\htdocs\yii\framework\web\actions\CAction.php(107): ReflectionMethod->invokeArgs()
#1 D:\xampp\htdocs\yii\framework\web\actions\CInlineAction.php(48): CInlineAction->runWithParamsInternal()
#2 D:\xampp\htdocs\yii\framework\web\CController.php(309): CInlineAction->runWithParams()
#3 D:\xampp\htdocs\yii\framework\web\filters\CFilterChain.php(134): MonthController->runAction()
#4 D:\xampp\htdocs\yii\framework\web\filters\CFilter.php(41): CFilterChain->run()
#5 D:\xampp\htdocs\yii\framework\web\CController.php(1146): CAccessControlFilter->filter()
#6 D:\xampp\htdocs\yii\framework\web\filters\CInlineFilter.php(59): MonthController->filterAccessControl()
#7 D:\xampp\htdocs\yii\framework\web\filters\CFilterChain.php(131): CInlineFilter->filter()
#8 D:\xampp\htdocs\dr\protected\components\Controller.php(71): CFilterChain->run()
#9 D:\xampp\htdocs\yii\framework\web\filters\CInlineFilter.php(59): MonthController->filterEnforceNoConcurrentLogin()
#10 D:\xampp\htdocs\yii\framework\web\filters\CFilterChain.php(131): CInlineFilter->filter()
#11 D:\xampp\htdocs\dr\protected\components\Controller.php(95): CFilterChain->run()
#12 D:\xampp\htdocs\yii\framework\web\filters\CInlineFilter.php(59): MonthController->filterEnforceSessionExpiration()
#13 D:\xampp\htdocs\yii\framework\web\filters\CFilterChain.php(131): CInlineFilter->filter()
#14 D:\xampp\htdocs\dr\protected\components\Controller.php(51): CFilterChain->run()
#15 D:\xampp\htdocs\yii\framework\web\filters\CInlineFilter.php(59): MonthController->filterEnforceRegisteredStation()
#16 D:\xampp\htdocs\yii\framework\web\filters\CFilterChain.php(131): CInlineFilter->filter()
#17 D:\xampp\htdocs\yii\framework\web\CController.php(292): CFilterChain->run()
#18 D:\xampp\htdocs\yii\framework\web\CController.php(266): MonthController->runActionWithFilters()
#19 D:\xampp\htdocs\yii\framework\web\CWebApplication.php(283): MonthController->run()
#20 D:\xampp\htdocs\yii\framework\web\CWebApplication.php(142): CWebApplication->runController()
#21 D:\xampp\htdocs\yii\framework\base\CApplication.php(162): CWebApplication->processRequest()
#22 D:\xampp\htdocs\dr\index.php(13): CWebApplication->run()
REQUEST_URI=/dr/month/summarize?index=463
in D:\xampp\htdocs\dr\protected\models\MonthForm.php (58)
in D:\xampp\htdocs\dr\protected\controllers\MonthController.php (109)
in D:\xampp\htdocs\dr\protected\components\Controller.php (71)
2018/09/18 11:42:09 [error] [exception.CHttpException.400] exception 'CHttpException' with message '您的请求无效。' in D:\xampp\htdocs\yii\framework\web\CController.php:337
Stack trace:
#0 D:\xampp\htdocs\yii\framework\web\CController.php(310): CController->invalidActionParams(Object(CInlineAction))
#1 D:\xampp\htdocs\yii\framework\web\filters\CFilterChain.php(134): CController->runAction(Object(CInlineAction))
#2 D:\xampp\htdocs\yii\framework\web\filters\CFilter.php(41): CFilterChain->run()
#3 D:\xampp\htdocs\yii\framework\web\CController.php(1146): CFilter->filter(Object(CFilterChain))
#4 D:\xampp\htdocs\yii\framework\web\filters\CInlineFilter.php(59): CController->filterAccessControl(Object(CFilterChain))
#5 D:\xampp\htdocs\yii\framework\web\filters\CFilterChain.php(131): CInlineFilter->filter(Object(CFilterChain))
#6 D:\xampp\htdocs\dr\protected\components\Controller.php(71): CFilterChain->run()
#7 D:\xampp\htdocs\yii\framework\web\filters\CInlineFilter.php(59): Controller->filterEnforceNoConcurrentLogin(Object(CFilterChain))
#8 D:\xampp\htdocs\yii\framework\web\filters\CFilterChain.php(131): CInlineFilter->filter(Object(CFilterChain))
#9 D:\xampp\htdocs\dr\protected\components\Controller.php(95): CFilterChain->run()
#10 D:\xampp\htdocs\yii\framework\web\filters\CInlineFilter.php(59): Controller->filterEnforceSessionExpiration(Object(CFilterChain))
#11 D:\xampp\htdocs\yii\framework\web\filters\CFilterChain.php(131): CInlineFilter->filter(Object(CFilterChain))
#12 D:\xampp\htdocs\dr\protected\components\Controller.php(51): CFilterChain->run()
#13 D:\xampp\htdocs\yii\framework\web\filters\CInlineFilter.php(59): Controller->filterEnforceRegisteredStation(Object(CFilterChain))
#14 D:\xampp\htdocs\yii\framework\web\filters\CFilterChain.php(131): CInlineFilter->filter(Object(CFilterChain))
#15 D:\xampp\htdocs\yii\framework\web\CController.php(292): CFilterChain->run()
#16 D:\xampp\htdocs\yii\framework\web\CController.php(266): CController->runActionWithFilters(Object(CInlineAction), Array)
#17 D:\xampp\htdocs\yii\framework\web\CWebApplication.php(283): CController->run('summarize')
#18 D:\xampp\htdocs\yii\framework\web\CWebApplication.php(142): CWebApplication->runController('month/summarize')
#19 D:\xampp\htdocs\yii\framework\base\CApplication.php(162): CWebApplication->processRequest()
#20 D:\xampp\htdocs\dr\index.php(13): CApplication->run()
#21 {main}
REQUEST_URI=/dr/month/summarize?index=463
HTTP_REFERER=http://192.168.3.210/dr/month/view?index=463&city=SH
---
2018/09/18 11:43:06 [error] [exception.CHttpException.400] exception 'CHttpException' with message '您的请求无效。' in D:\xampp\htdocs\yii\framework\web\CController.php:337
Stack trace:
#0 D:\xampp\htdocs\yii\framework\web\CController.php(310): CController->invalidActionParams(Object(CInlineAction))
#1 D:\xampp\htdocs\yii\framework\web\filters\CFilterChain.php(134): CController->runAction(Object(CInlineAction))
#2 D:\xampp\htdocs\yii\framework\web\filters\CFilter.php(41): CFilterChain->run()
#3 D:\xampp\htdocs\yii\framework\web\CController.php(1146): CFilter->filter(Object(CFilterChain))
#4 D:\xampp\htdocs\yii\framework\web\filters\CInlineFilter.php(59): CController->filterAccessControl(Object(CFilterChain))
#5 D:\xampp\htdocs\yii\framework\web\filters\CFilterChain.php(131): CInlineFilter->filter(Object(CFilterChain))
#6 D:\xampp\htdocs\dr\protected\components\Controller.php(71): CFilterChain->run()
#7 D:\xampp\htdocs\yii\framework\web\filters\CInlineFilter.php(59): Controller->filterEnforceNoConcurrentLogin(Object(CFilterChain))
#8 D:\xampp\htdocs\yii\framework\web\filters\CFilterChain.php(131): CInlineFilter->filter(Object(CFilterChain))
#9 D:\xampp\htdocs\dr\protected\components\Controller.php(95): CFilterChain->run()
#10 D:\xampp\htdocs\yii\framework\web\filters\CInlineFilter.php(59): Controller->filterEnforceSessionExpiration(Object(CFilterChain))
#11 D:\xampp\htdocs\yii\framework\web\filters\CFilterChain.php(131): CInlineFilter->filter(Object(CFilterChain))
#12 D:\xampp\htdocs\dr\protected\components\Controller.php(51): CFilterChain->run()
#13 D:\xampp\htdocs\yii\framework\web\filters\CInlineFilter.php(59): Controller->filterEnforceRegisteredStation(Object(CFilterChain))
#14 D:\xampp\htdocs\yii\framework\web\filters\CFilterChain.php(131): CInlineFilter->filter(Object(CFilterChain))
#15 D:\xampp\htdocs\yii\framework\web\CController.php(292): CFilterChain->run()
#16 D:\xampp\htdocs\yii\framework\web\CController.php(266): CController->runActionWithFilters(Object(CInlineAction), Array)
#17 D:\xampp\htdocs\yii\framework\web\CWebApplication.php(283): CController->run('summarize')
#18 D:\xampp\htdocs\yii\framework\web\CWebApplication.php(142): CWebApplication->runController('month/summarize')
#19 D:\xampp\htdocs\yii\framework\base\CApplication.php(162): CWebApplication->processRequest()
#20 D:\xampp\htdocs\dr\index.php(13): CApplication->run()
#21 {main}
REQUEST_URI=/dr/month/summarize?index=463
HTTP_REFERER=http://192.168.3.210/dr/month/view?index=463&city=SH
---
2018/09/18 11:43:07 [error] [exception.CException] exception 'CException' with message '属性 "MonthForm.cityname" 未被定义.' in D:\xampp\htdocs\yii\framework\base\CComponent.php:131
Stack trace:
#0 D:\xampp\htdocs\dr\protected\views\month\form.php(35): CComponent->__get('cityname')
#1 D:\xampp\htdocs\yii\framework\web\CBaseController.php(127): require('D:\\xampp\\htdocs...')
#2 D:\xampp\htdocs\yii\framework\web\CBaseController.php(96): CBaseController->renderInternal('D:\\xampp\\htdocs...', Array, true)
#3 D:\xampp\htdocs\yii\framework\web\CController.php(870): CBaseController->renderFile('D:\\xampp\\htdocs...', Array, true)
#4 D:\xampp\htdocs\yii\framework\web\CController.php(783): CController->renderPartial('form', Array, true)
#5 D:\xampp\htdocs\dr\protected\controllers\MonthController.php(85): CController->render('form', Array)
#6 [internal function]: MonthController->actionView('463', 'SH')
#7 D:\xampp\htdocs\yii\framework\web\actions\CAction.php(107): ReflectionMethod->invokeArgs(Object(MonthController), Array)
#8 D:\xampp\htdocs\yii\framework\web\actions\CInlineAction.php(48): CAction->runWithParamsInternal(Object(MonthController), Object(ReflectionMethod), Array)
#9 D:\xampp\htdocs\yii\framework\web\CController.php(309): CInlineAction->runWithParams(Array)
#10 D:\xampp\htdocs\yii\framework\web\filters\CFilterChain.php(134): CController->runAction(Object(CInlineAction))
#11 D:\xampp\htdocs\yii\framework\web\filters\CFilter.php(41): CFilterChain->run()
#12 D:\xampp\htdocs\yii\framework\web\CController.php(1146): CFilter->filter(Object(CFilterChain))
#13 D:\xampp\htdocs\yii\framework\web\filters\CInlineFilter.php(59): CController->filterAccessControl(Object(CFilterChain))
#14 D:\xampp\htdocs\yii\framework\web\filters\CFilterChain.php(131): CInlineFilter->filter(Object(CFilterChain))
#15 D:\xampp\htdocs\dr\protected\components\Controller.php(71): CFilterChain->run()
#16 D:\xampp\htdocs\yii\framework\web\filters\CInlineFilter.php(59): Controller->filterEnforceNoConcurrentLogin(Object(CFilterChain))
#17 D:\xampp\htdocs\yii\framework\web\filters\CFilterChain.php(131): CInlineFilter->filter(Object(CFilterChain))
#18 D:\xampp\htdocs\dr\protected\components\Controller.php(95): CFilterChain->run()
#19 D:\xampp\htdocs\yii\framework\web\filters\CInlineFilter.php(59): Controller->filterEnforceSessionExpiration(Object(CFilterChain))
#20 D:\xampp\htdocs\yii\framework\web\filters\CFilterChain.php(131): CInlineFilter->filter(Object(CFilterChain))
#21 D:\xampp\htdocs\dr\protected\components\Controller.php(51): CFilterChain->run()
#22 D:\xampp\htdocs\yii\framework\web\filters\CInlineFilter.php(59): Controller->filterEnforceRegisteredStation(Object(CFilterChain))
#23 D:\xampp\htdocs\yii\framework\web\filters\CFilterChain.php(131): CInlineFilter->filter(Object(CFilterChain))
#24 D:\xampp\htdocs\yii\framework\web\CController.php(292): CFilterChain->run()
#25 D:\xampp\htdocs\yii\framework\web\CController.php(266): CController->runActionWithFilters(Object(CInlineAction), Array)
#26 D:\xampp\htdocs\yii\framework\web\CWebApplication.php(283): CController->run('view')
#27 D:\xampp\htdocs\yii\framework\web\CWebApplication.php(142): CWebApplication->runController('month/view')
#28 D:\xampp\htdocs\yii\framework\base\CApplication.php(162): CWebApplication->processRequest()
#29 D:\xampp\htdocs\dr\index.php(13): CApplication->run()
#30 {main}
REQUEST_URI=/dr/month/view?index=463&city=SH
HTTP_REFERER=http://192.168.3.210/dr/month/summarize?index=463
---
2018/09/18 11:43:08 [error] [exception.CException] exception 'CException' with message '属性 "MonthForm.cityname" 未被定义.' in D:\xampp\htdocs\yii\framework\base\CComponent.php:131
Stack trace:
#0 D:\xampp\htdocs\dr\protected\views\month\form.php(35): CComponent->__get('cityname')
#1 D:\xampp\htdocs\yii\framework\web\CBaseController.php(127): require('D:\\xampp\\htdocs...')
#2 D:\xampp\htdocs\yii\framework\web\CBaseController.php(96): CBaseController->renderInternal('D:\\xampp\\htdocs...', Array, true)
#3 D:\xampp\htdocs\yii\framework\web\CController.php(870): CBaseController->renderFile('D:\\xampp\\htdocs...', Array, true)
#4 D:\xampp\htdocs\yii\framework\web\CController.php(783): CController->renderPartial('form', Array, true)
#5 D:\xampp\htdocs\dr\protected\controllers\MonthController.php(85): CController->render('form', Array)
#6 [internal function]: MonthController->actionView('463', 'SH')
#7 D:\xampp\htdocs\yii\framework\web\actions\CAction.php(107): ReflectionMethod->invokeArgs(Object(MonthController), Array)
#8 D:\xampp\htdocs\yii\framework\web\actions\CInlineAction.php(48): CAction->runWithParamsInternal(Object(MonthController), Object(ReflectionMethod), Array)
#9 D:\xampp\htdocs\yii\framework\web\CController.php(309): CInlineAction->runWithParams(Array)
#10 D:\xampp\htdocs\yii\framework\web\filters\CFilterChain.php(134): CController->runAction(Object(CInlineAction))
#11 D:\xampp\htdocs\yii\framework\web\filters\CFilter.php(41): CFilterChain->run()
#12 D:\xampp\htdocs\yii\framework\web\CController.php(1146): CFilter->filter(Object(CFilterChain))
#13 D:\xampp\htdocs\yii\framework\web\filters\CInlineFilter.php(59): CController->filterAccessControl(Object(CFilterChain))
#14 D:\xampp\htdocs\yii\framework\web\filters\CFilterChain.php(131): CInlineFilter->filter(Object(CFilterChain))
#15 D:\xampp\htdocs\dr\protected\components\Controller.php(71): CFilterChain->run()
#16 D:\xampp\htdocs\yii\framework\web\filters\CInlineFilter.php(59): Controller->filterEnforceNoConcurrentLogin(Object(CFilterChain))
#17 D:\xampp\htdocs\yii\framework\web\filters\CFilterChain.php(131): CInlineFilter->filter(Object(CFilterChain))
#18 D:\xampp\htdocs\dr\protected\components\Controller.php(95): CFilterChain->run()
#19 D:\xampp\htdocs\yii\framework\web\filters\CInlineFilter.php(59): Controller->filterEnforceSessionExpiration(Object(CFilterChain))
#20 D:\xampp\htdocs\yii\framework\web\filters\CFilterChain.php(131): CInlineFilter->filter(Object(CFilterChain))
#21 D:\xampp\htdocs\dr\protected\components\Controller.php(51): CFilterChain->run()
#22 D:\xampp\htdocs\yii\framework\web\filters\CInlineFilter.php(59): Controller->filterEnforceRegisteredStation(Object(CFilterChain))
#23 D:\xampp\htdocs\yii\framework\web\filters\CFilterChain.php(131): CInlineFilter->filter(Object(CFilterChain))
#24 D:\xampp\htdocs\yii\framework\web\CController.php(292): CFilterChain->run()
#25 D:\xampp\htdocs\yii\framework\web\CController.php(266): CController->runActionWithFilters(Object(CInlineAction), Array)
#26 D:\xampp\htdocs\yii\framework\web\CWebApplication.php(283): CController->run('view')
#27 D:\xampp\htdocs\yii\framework\web\CWebApplication.php(142): CWebApplication->runController('month/view')
#28 D:\xampp\htdocs\yii\framework\base\CApplication.php(162): CWebApplication->processRequest()
#29 D:\xampp\htdocs\dr\index.php(13): CApplication->run()
#30 {main}
REQUEST_URI=/dr/month/view?index=463&city=SH
HTTP_REFERER=http://192.168.3.210/dr/month/summarize?index=463
---
2018/09/18 11:43:14 [error] [exception.CException] exception 'CException' with message '属性 "MonthForm.cityname" 未被定义.' in D:\xampp\htdocs\yii\framework\base\CComponent.php:131
Stack trace:
#0 D:\xampp\htdocs\dr\protected\views\month\form.php(35): CComponent->__get('cityname')
#1 D:\xampp\htdocs\yii\framework\web\CBaseController.php(127): require('D:\\xampp\\htdocs...')
#2 D:\xampp\htdocs\yii\framework\web\CBaseController.php(96): CBaseController->renderInternal('D:\\xampp\\htdocs...', Array, true)
#3 D:\xampp\htdocs\yii\framework\web\CController.php(870): CBaseController->renderFile('D:\\xampp\\htdocs...', Array, true)
#4 D:\xampp\htdocs\yii\framework\web\CController.php(783): CController->renderPartial('form', Array, true)
#5 D:\xampp\htdocs\dr\protected\controllers\MonthController.php(85): CController->render('form', Array)
#6 [internal function]: MonthController->actionView('463', 'SH')
#7 D:\xampp\htdocs\yii\framework\web\actions\CAction.php(107): ReflectionMethod->invokeArgs(Object(MonthController), Array)
#8 D:\xampp\htdocs\yii\framework\web\actions\CInlineAction.php(48): CAction->runWithParamsInternal(Object(MonthController), Object(ReflectionMethod), Array)
#9 D:\xampp\htdocs\yii\framework\web\CController.php(309): CInlineAction->runWithParams(Array)
#10 D:\xampp\htdocs\yii\framework\web\filters\CFilterChain.php(134): CController->runAction(Object(CInlineAction))
#11 D:\xampp\htdocs\yii\framework\web\filters\CFilter.php(41): CFilterChain->run()
#12 D:\xampp\htdocs\yii\framework\web\CController.php(1146): CFilter->filter(Object(CFilterChain))
#13 D:\xampp\htdocs\yii\framework\web\filters\CInlineFilter.php(59): CController->filterAccessControl(Object(CFilterChain))
#14 D:\xampp\htdocs\yii\framework\web\filters\CFilterChain.php(131): CInlineFilter->filter(Object(CFilterChain))
#15 D:\xampp\htdocs\dr\protected\components\Controller.php(71): CFilterChain->run()
#16 D:\xampp\htdocs\yii\framework\web\filters\CInlineFilter.php(59): Controller->filterEnforceNoConcurrentLogin(Object(CFilterChain))
#17 D:\xampp\htdocs\yii\framework\web\filters\CFilterChain.php(131): CInlineFilter->filter(Object(CFilterChain))
#18 D:\xampp\htdocs\dr\protected\components\Controller.php(95): CFilterChain->run()
#19 D:\xampp\htdocs\yii\framework\web\filters\CInlineFilter.php(59): Controller->filterEnforceSessionExpiration(Object(CFilterChain))
#20 D:\xampp\htdocs\yii\framework\web\filters\CFilterChain.php(131): CInlineFilter->filter(Object(CFilterChain))
#21 D:\xampp\htdocs\dr\protected\components\Controller.php(51): CFilterChain->run()
#22 D:\xampp\htdocs\yii\framework\web\filters\CInlineFilter.php(59): Controller->filterEnforceRegisteredStation(Object(CFilterChain))
#23 D:\xampp\htdocs\yii\framework\web\filters\CFilterChain.php(131): CInlineFilter->filter(Object(CFilterChain))
#24 D:\xampp\htdocs\yii\framework\web\CController.php(292): CFilterChain->run()
#25 D:\xampp\htdocs\yii\framework\web\CController.php(266): CController->runActionWithFilters(Object(CInlineAction), Array)
#26 D:\xampp\htdocs\yii\framework\web\CWebApplication.php(283): CController->run('view')
#27 D:\xampp\htdocs\yii\framework\web\CWebApplication.php(142): CWebApplication->runController('month/view')
#28 D:\xampp\htdocs\yii\framework\base\CApplication.php(162): CWebApplication->processRequest()
#29 D:\xampp\htdocs\dr\index.php(13): CApplication->run()
#30 {main}
REQUEST_URI=/dr/month/view?index=463&city=SH
HTTP_REFERER=http://192.168.3.210/dr/month/summarize?index=463
---
2018/09/18 11:43:19 [error] [exception.CException] exception 'CException' with message '属性 "MonthForm.city" 未被定义.' in D:\xampp\htdocs\yii\framework\base\CComponent.php:131
Stack trace:
#0 D:\xampp\htdocs\dr\protected\views\month\form.php(35): CComponent->__get('city')
#1 D:\xampp\htdocs\yii\framework\web\CBaseController.php(127): require('D:\\xampp\\htdocs...')
#2 D:\xampp\htdocs\yii\framework\web\CBaseController.php(96): CBaseController->renderInternal('D:\\xampp\\htdocs...', Array, true)
#3 D:\xampp\htdocs\yii\framework\web\CController.php(870): CBaseController->renderFile('D:\\xampp\\htdocs...', Array, true)
#4 D:\xampp\htdocs\yii\framework\web\CController.php(783): CController->renderPartial('form', Array, true)
#5 D:\xampp\htdocs\dr\protected\controllers\MonthController.php(85): CController->render('form', Array)
#6 [internal function]: MonthController->actionView('463', 'SH')
#7 D:\xampp\htdocs\yii\framework\web\actions\CAction.php(107): ReflectionMethod->invokeArgs(Object(MonthController), Array)
#8 D:\xampp\htdocs\yii\framework\web\actions\CInlineAction.php(48): CAction->runWithParamsInternal(Object(MonthController), Object(ReflectionMethod), Array)
#9 D:\xampp\htdocs\yii\framework\web\CController.php(309): CInlineAction->runWithParams(Array)
#10 D:\xampp\htdocs\yii\framework\web\filters\CFilterChain.php(134): CController->runAction(Object(CInlineAction))
#11 D:\xampp\htdocs\yii\framework\web\filters\CFilter.php(41): CFilterChain->run()
#12 D:\xampp\htdocs\yii\framework\web\CController.php(1146): CFilter->filter(Object(CFilterChain))
#13 D:\xampp\htdocs\yii\framework\web\filters\CInlineFilter.php(59): CController->filterAccessControl(Object(CFilterChain))
#14 D:\xampp\htdocs\yii\framework\web\filters\CFilterChain.php(131): CInlineFilter->filter(Object(CFilterChain))
#15 D:\xampp\htdocs\dr\protected\components\Controller.php(71): CFilterChain->run()
#16 D:\xampp\htdocs\yii\framework\web\filters\CInlineFilter.php(59): Controller->filterEnforceNoConcurrentLogin(Object(CFilterChain))
#17 D:\xampp\htdocs\yii\framework\web\filters\CFilterChain.php(131): CInlineFilter->filter(Object(CFilterChain))
#18 D:\xampp\htdocs\dr\protected\components\Controller.php(95): CFilterChain->run()
#19 D:\xampp\htdocs\yii\framework\web\filters\CInlineFilter.php(59): Controller->filterEnforceSessionExpiration(Object(CFilterChain))
#20 D:\xampp\htdocs\yii\framework\web\filters\CFilterChain.php(131): CInlineFilter->filter(Object(CFilterChain))
#21 D:\xampp\htdocs\dr\protected\components\Controller.php(51): CFilterChain->run()
#22 D:\xampp\htdocs\yii\framework\web\filters\CInlineFilter.php(59): Controller->filterEnforceRegisteredStation(Object(CFilterChain))
#23 D:\xampp\htdocs\yii\framework\web\filters\CFilterChain.php(131): CInlineFilter->filter(Object(CFilterChain))
#24 D:\xampp\htdocs\yii\framework\web\CController.php(292): CFilterChain->run()
#25 D:\xampp\htdocs\yii\framework\web\CController.php(266): CController->runActionWithFilters(Object(CInlineAction), Array)
#26 D:\xampp\htdocs\yii\framework\web\CWebApplication.php(283): CController->run('view')
#27 D:\xampp\htdocs\yii\framework\web\CWebApplication.php(142): CWebApplication->runController('month/view')
#28 D:\xampp\htdocs\yii\framework\base\CApplication.php(162): CWebApplication->processRequest()
#29 D:\xampp\htdocs\dr\index.php(13): CApplication->run()
#30 {main}
REQUEST_URI=/dr/month/view?index=463&city=SH
HTTP_REFERER=http://192.168.3.210/dr/month/summarize?index=463
---
2018/09/18 11:43:39 [error] [php] Undefined offset: 0 (D:\xampp\htdocs\dr\protected\models\MonthForm.php:79)
Stack trace:
#0 D:\xampp\htdocs\yii\framework\web\actions\CAction.php(107): ReflectionMethod->invokeArgs()
#1 D:\xampp\htdocs\yii\framework\web\actions\CInlineAction.php(48): CInlineAction->runWithParamsInternal()
#2 D:\xampp\htdocs\yii\framework\web\CController.php(309): CInlineAction->runWithParams()
#3 D:\xampp\htdocs\yii\framework\web\filters\CFilterChain.php(134): MonthController->runAction()
#4 D:\xampp\htdocs\yii\framework\web\filters\CFilter.php(41): CFilterChain->run()
#5 D:\xampp\htdocs\yii\framework\web\CController.php(1146): CAccessControlFilter->filter()
#6 D:\xampp\htdocs\yii\framework\web\filters\CInlineFilter.php(59): MonthController->filterAccessControl()
#7 D:\xampp\htdocs\yii\framework\web\filters\CFilterChain.php(131): CInlineFilter->filter()
#8 D:\xampp\htdocs\dr\protected\components\Controller.php(71): CFilterChain->run()
#9 D:\xampp\htdocs\yii\framework\web\filters\CInlineFilter.php(59): MonthController->filterEnforceNoConcurrentLogin()
#10 D:\xampp\htdocs\yii\framework\web\filters\CFilterChain.php(131): CInlineFilter->filter()
#11 D:\xampp\htdocs\dr\protected\components\Controller.php(95): CFilterChain->run()
#12 D:\xampp\htdocs\yii\framework\web\filters\CInlineFilter.php(59): MonthController->filterEnforceSessionExpiration()
#13 D:\xampp\htdocs\yii\framework\web\filters\CFilterChain.php(131): CInlineFilter->filter()
#14 D:\xampp\htdocs\dr\protected\components\Controller.php(51): CFilterChain->run()
#15 D:\xampp\htdocs\yii\framework\web\filters\CInlineFilter.php(59): MonthController->filterEnforceRegisteredStation()
#16 D:\xampp\htdocs\yii\framework\web\filters\CFilterChain.php(131): CInlineFilter->filter()
#17 D:\xampp\htdocs\yii\framework\web\CController.php(292): CFilterChain->run()
#18 D:\xampp\htdocs\yii\framework\web\CController.php(266): MonthController->runActionWithFilters()
#19 D:\xampp\htdocs\yii\framework\web\CWebApplication.php(283): MonthController->run()
#20 D:\xampp\htdocs\yii\framework\web\CWebApplication.php(142): CWebApplication->runController()
#21 D:\xampp\htdocs\yii\framework\base\CApplication.php(162): CWebApplication->processRequest()
#22 D:\xampp\htdocs\dr\index.php(13): CWebApplication->run()
REQUEST_URI=/dr/month/summarize?index=463&city=1
in D:\xampp\htdocs\dr\protected\models\MonthForm.php (79)
in D:\xampp\htdocs\dr\protected\controllers\MonthController.php (109)
in D:\xampp\htdocs\dr\protected\components\Controller.php (71)
2018/09/18 11:48:57 [error] [exception.CHttpException.400] exception 'CHttpException' with message '您的请求无效。' in D:\xampp\htdocs\yii\framework\web\CController.php:337
Stack trace:
#0 D:\xampp\htdocs\yii\framework\web\CController.php(310): CController->invalidActionParams(Object(CInlineAction))
#1 D:\xampp\htdocs\yii\framework\web\filters\CFilterChain.php(134): CController->runAction(Object(CInlineAction))
#2 D:\xampp\htdocs\yii\framework\web\filters\CFilter.php(41): CFilterChain->run()
#3 D:\xampp\htdocs\yii\framework\web\CController.php(1146): CFilter->filter(Object(CFilterChain))
#4 D:\xampp\htdocs\yii\framework\web\filters\CInlineFilter.php(59): CController->filterAccessControl(Object(CFilterChain))
#5 D:\xampp\htdocs\yii\framework\web\filters\CFilterChain.php(131): CInlineFilter->filter(Object(CFilterChain))
#6 D:\xampp\htdocs\dr\protected\components\Controller.php(71): CFilterChain->run()
#7 D:\xampp\htdocs\yii\framework\web\filters\CInlineFilter.php(59): Controller->filterEnforceNoConcurrentLogin(Object(CFilterChain))
#8 D:\xampp\htdocs\yii\framework\web\filters\CFilterChain.php(131): CInlineFilter->filter(Object(CFilterChain))
#9 D:\xampp\htdocs\dr\protected\components\Controller.php(95): CFilterChain->run()
#10 D:\xampp\htdocs\yii\framework\web\filters\CInlineFilter.php(59): Controller->filterEnforceSessionExpiration(Object(CFilterChain))
#11 D:\xampp\htdocs\yii\framework\web\filters\CFilterChain.php(131): CInlineFilter->filter(Object(CFilterChain))
#12 D:\xampp\htdocs\dr\protected\components\Controller.php(51): CFilterChain->run()
#13 D:\xampp\htdocs\yii\framework\web\filters\CInlineFilter.php(59): Controller->filterEnforceRegisteredStation(Object(CFilterChain))
#14 D:\xampp\htdocs\yii\framework\web\filters\CFilterChain.php(131): CInlineFilter->filter(Object(CFilterChain))
#15 D:\xampp\htdocs\yii\framework\web\CController.php(292): CFilterChain->run()
#16 D:\xampp\htdocs\yii\framework\web\CController.php(266): CController->runActionWithFilters(Object(CInlineAction), Array)
#17 D:\xampp\htdocs\yii\framework\web\CWebApplication.php(283): CController->run('view')
#18 D:\xampp\htdocs\yii\framework\web\CWebApplication.php(142): CWebApplication->runController('month/view')
#19 D:\xampp\htdocs\yii\framework\base\CApplication.php(162): CWebApplication->processRequest()
#20 D:\xampp\htdocs\dr\index.php(13): CApplication->run()
#21 {main}
REQUEST_URI=/dr/month/view?index=463
HTTP_REFERER=http://192.168.3.210/dr/month/summarize?index=463&city=SH
---
2018/09/18 11:49:01 [error] [exception.CHttpException.400] exception 'CHttpException' with message '您的请求无效。' in D:\xampp\htdocs\yii\framework\web\CController.php:337
Stack trace:
#0 D:\xampp\htdocs\yii\framework\web\CController.php(310): CController->invalidActionParams(Object(CInlineAction))
#1 D:\xampp\htdocs\yii\framework\web\filters\CFilterChain.php(134): CController->runAction(Object(CInlineAction))
#2 D:\xampp\htdocs\yii\framework\web\filters\CFilter.php(41): CFilterChain->run()
#3 D:\xampp\htdocs\yii\framework\web\CController.php(1146): CFilter->filter(Object(CFilterChain))
#4 D:\xampp\htdocs\yii\framework\web\filters\CInlineFilter.php(59): CController->filterAccessControl(Object(CFilterChain))
#5 D:\xampp\htdocs\yii\framework\web\filters\CFilterChain.php(131): CInlineFilter->filter(Object(CFilterChain))
#6 D:\xampp\htdocs\dr\protected\components\Controller.php(71): CFilterChain->run()
#7 D:\xampp\htdocs\yii\framework\web\filters\CInlineFilter.php(59): Controller->filterEnforceNoConcurrentLogin(Object(CFilterChain))
#8 D:\xampp\htdocs\yii\framework\web\filters\CFilterChain.php(131): CInlineFilter->filter(Object(CFilterChain))
#9 D:\xampp\htdocs\dr\protected\components\Controller.php(95): CFilterChain->run()
#10 D:\xampp\htdocs\yii\framework\web\filters\CInlineFilter.php(59): Controller->filterEnforceSessionExpiration(Object(CFilterChain))
#11 D:\xampp\htdocs\yii\framework\web\filters\CFilterChain.php(131): CInlineFilter->filter(Object(CFilterChain))
#12 D:\xampp\htdocs\dr\protected\components\Controller.php(51): CFilterChain->run()
#13 D:\xampp\htdocs\yii\framework\web\filters\CInlineFilter.php(59): Controller->filterEnforceRegisteredStation(Object(CFilterChain))
#14 D:\xampp\htdocs\yii\framework\web\filters\CFilterChain.php(131): CInlineFilter->filter(Object(CFilterChain))
#15 D:\xampp\htdocs\yii\framework\web\CController.php(292): CFilterChain->run()
#16 D:\xampp\htdocs\yii\framework\web\CController.php(266): CController->runActionWithFilters(Object(CInlineAction), Array)
#17 D:\xampp\htdocs\yii\framework\web\CWebApplication.php(283): CController->run('view')
#18 D:\xampp\htdocs\yii\framework\web\CWebApplication.php(142): CWebApplication->runController('month/view')
#19 D:\xampp\htdocs\yii\framework\base\CApplication.php(162): CWebApplication->processRequest()
#20 D:\xampp\htdocs\dr\index.php(13): CApplication->run()
#21 {main}
REQUEST_URI=/dr/month/view?index=463
HTTP_REFERER=http://192.168.3.210/dr/month/summarize?index=463&city=SH
---
2018/09/18 11:49:10 [error] [exception.CHttpException.400] exception 'CHttpException' with message '您的请求无效。' in D:\xampp\htdocs\yii\framework\web\CController.php:337
Stack trace:
#0 D:\xampp\htdocs\yii\framework\web\CController.php(310): CController->invalidActionParams(Object(CInlineAction))
#1 D:\xampp\htdocs\yii\framework\web\filters\CFilterChain.php(134): CController->runAction(Object(CInlineAction))
#2 D:\xampp\htdocs\yii\framework\web\filters\CFilter.php(41): CFilterChain->run()
#3 D:\xampp\htdocs\yii\framework\web\CController.php(1146): CFilter->filter(Object(CFilterChain))
#4 D:\xampp\htdocs\yii\framework\web\filters\CInlineFilter.php(59): CController->filterAccessControl(Object(CFilterChain))
#5 D:\xampp\htdocs\yii\framework\web\filters\CFilterChain.php(131): CInlineFilter->filter(Object(CFilterChain))
#6 D:\xampp\htdocs\dr\protected\components\Controller.php(71): CFilterChain->run()
#7 D:\xampp\htdocs\yii\framework\web\filters\CInlineFilter.php(59): Controller->filterEnforceNoConcurrentLogin(Object(CFilterChain))
#8 D:\xampp\htdocs\yii\framework\web\filters\CFilterChain.php(131): CInlineFilter->filter(Object(CFilterChain))
#9 D:\xampp\htdocs\dr\protected\components\Controller.php(95): CFilterChain->run()
#10 D:\xampp\htdocs\yii\framework\web\filters\CInlineFilter.php(59): Controller->filterEnforceSessionExpiration(Object(CFilterChain))
#11 D:\xampp\htdocs\yii\framework\web\filters\CFilterChain.php(131): CInlineFilter->filter(Object(CFilterChain))
#12 D:\xampp\htdocs\dr\protected\components\Controller.php(51): CFilterChain->run()
#13 D:\xampp\htdocs\yii\framework\web\filters\CInlineFilter.php(59): Controller->filterEnforceRegisteredStation(Object(CFilterChain))
#14 D:\xampp\htdocs\yii\framework\web\filters\CFilterChain.php(131): CInlineFilter->filter(Object(CFilterChain))
#15 D:\xampp\htdocs\yii\framework\web\CController.php(292): CFilterChain->run()
#16 D:\xampp\htdocs\yii\framework\web\CController.php(266): CController->runActionWithFilters(Object(CInlineAction), Array)
#17 D:\xampp\htdocs\yii\framework\web\CWebApplication.php(283): CController->run('view')
#18 D:\xampp\htdocs\yii\framework\web\CWebApplication.php(142): CWebApplication->runController('month/view')
#19 D:\xampp\htdocs\yii\framework\base\CApplication.php(162): CWebApplication->processRequest()
#20 D:\xampp\htdocs\dr\index.php(13): CApplication->run()
#21 {main}
REQUEST_URI=/dr/month/view?index=463
HTTP_REFERER=http://192.168.3.210/dr/month/summarize?index=463&city=SH
---
2018/09/18 11:49:16 [error] [exception.CHttpException.400] exception 'CHttpException' with message '您的请求无效。' in D:\xampp\htdocs\yii\framework\web\CController.php:337
Stack trace:
#0 D:\xampp\htdocs\yii\framework\web\CController.php(310): CController->invalidActionParams(Object(CInlineAction))
#1 D:\xampp\htdocs\yii\framework\web\filters\CFilterChain.php(134): CController->runAction(Object(CInlineAction))
#2 D:\xampp\htdocs\yii\framework\web\filters\CFilter.php(41): CFilterChain->run()
#3 D:\xampp\htdocs\yii\framework\web\CController.php(1146): CFilter->filter(Object(CFilterChain))
#4 D:\xampp\htdocs\yii\framework\web\filters\CInlineFilter.php(59): CController->filterAccessControl(Object(CFilterChain))
#5 D:\xampp\htdocs\yii\framework\web\filters\CFilterChain.php(131): CInlineFilter->filter(Object(CFilterChain))
#6 D:\xampp\htdocs\dr\protected\components\Controller.php(71): CFilterChain->run()
#7 D:\xampp\htdocs\yii\framework\web\filters\CInlineFilter.php(59): Controller->filterEnforceNoConcurrentLogin(Object(CFilterChain))
#8 D:\xampp\htdocs\yii\framework\web\filters\CFilterChain.php(131): CInlineFilter->filter(Object(CFilterChain))
#9 D:\xampp\htdocs\dr\protected\components\Controller.php(95): CFilterChain->run()
#10 D:\xampp\htdocs\yii\framework\web\filters\CInlineFilter.php(59): Controller->filterEnforceSessionExpiration(Object(CFilterChain))
#11 D:\xampp\htdocs\yii\framework\web\filters\CFilterChain.php(131): CInlineFilter->filter(Object(CFilterChain))
#12 D:\xampp\htdocs\dr\protected\components\Controller.php(51): CFilterChain->run()
#13 D:\xampp\htdocs\yii\framework\web\filters\CInlineFilter.php(59): Controller->filterEnforceRegisteredStation(Object(CFilterChain))
#14 D:\xampp\htdocs\yii\framework\web\filters\CFilterChain.php(131): CInlineFilter->filter(Object(CFilterChain))
#15 D:\xampp\htdocs\yii\framework\web\CController.php(292): CFilterChain->run()
#16 D:\xampp\htdocs\yii\framework\web\CController.php(266): CController->runActionWithFilters(Object(CInlineAction), Array)
#17 D:\xampp\htdocs\yii\framework\web\CWebApplication.php(283): CController->run('view')
#18 D:\xampp\htdocs\yii\framework\web\CWebApplication.php(142): CWebApplication->runController('month/view')
#19 D:\xampp\htdocs\yii\framework\base\CApplication.php(162): CWebApplication->processRequest()
#20 D:\xampp\htdocs\dr\index.php(13): CApplication->run()
#21 {main}
REQUEST_URI=/dr/month/view?index=463
HTTP_REFERER=http://192.168.3.210/dr/month/summarize?index=463&city=SH
---
2018/09/18 11:50:15 [error] [exception.CHttpException.400] exception 'CHttpException' with message '您的请求无效。' in D:\xampp\htdocs\yii\framework\web\CController.php:337
Stack trace:
#0 D:\xampp\htdocs\yii\framework\web\CController.php(310): CController->invalidActionParams(Object(CInlineAction))
#1 D:\xampp\htdocs\yii\framework\web\filters\CFilterChain.php(134): CController->runAction(Object(CInlineAction))
#2 D:\xampp\htdocs\yii\framework\web\filters\CFilter.php(41): CFilterChain->run()
#3 D:\xampp\htdocs\yii\framework\web\CController.php(1146): CFilter->filter(Object(CFilterChain))
#4 D:\xampp\htdocs\yii\framework\web\filters\CInlineFilter.php(59): CController->filterAccessControl(Object(CFilterChain))
#5 D:\xampp\htdocs\yii\framework\web\filters\CFilterChain.php(131): CInlineFilter->filter(Object(CFilterChain))
#6 D:\xampp\htdocs\dr\protected\components\Controller.php(71): CFilterChain->run()
#7 D:\xampp\htdocs\yii\framework\web\filters\CInlineFilter.php(59): Controller->filterEnforceNoConcurrentLogin(Object(CFilterChain))
#8 D:\xampp\htdocs\yii\framework\web\filters\CFilterChain.php(131): CInlineFilter->filter(Object(CFilterChain))
#9 D:\xampp\htdocs\dr\protected\components\Controller.php(95): CFilterChain->run()
#10 D:\xampp\htdocs\yii\framework\web\filters\CInlineFilter.php(59): Controller->filterEnforceSessionExpiration(Object(CFilterChain))
#11 D:\xampp\htdocs\yii\framework\web\filters\CFilterChain.php(131): CInlineFilter->filter(Object(CFilterChain))
#12 D:\xampp\htdocs\dr\protected\components\Controller.php(51): CFilterChain->run()
#13 D:\xampp\htdocs\yii\framework\web\filters\CInlineFilter.php(59): Controller->filterEnforceRegisteredStation(Object(CFilterChain))
#14 D:\xampp\htdocs\yii\framework\web\filters\CFilterChain.php(131): CInlineFilter->filter(Object(CFilterChain))
#15 D:\xampp\htdocs\yii\framework\web\CController.php(292): CFilterChain->run()
#16 D:\xampp\htdocs\yii\framework\web\CController.php(266): CController->runActionWithFilters(Object(CInlineAction), Array)
#17 D:\xampp\htdocs\yii\framework\web\CWebApplication.php(283): CController->run('view')
#18 D:\xampp\htdocs\yii\framework\web\CWebApplication.php(142): CWebApplication->runController('month/view')
#19 D:\xampp\htdocs\yii\framework\base\CApplication.php(162): CWebApplication->processRequest()
#20 D:\xampp\htdocs\dr\index.php(13): CApplication->run()
#21 {main}
REQUEST_URI=/dr/month/view?index=463
HTTP_REFERER=http://192.168.3.210/dr/month/summarize?index=463&city=SH
---
2018/09/26 10:00:06 [warning] [application] Failed to set unsafe attribute "scenario" of "UserForm".
in D:\xampp\htdocs\dr\protected\controllers\UserController.php (60)
in D:\xampp\htdocs\dr\protected\components\Controller.php (71)
in D:\xampp\htdocs\dr\protected\components\Controller.php (95)
2018/09/26 10:00:06 [warning] [application] Failed to set unsafe attribute "signature" of "UserForm".
in D:\xampp\htdocs\dr\protected\controllers\UserController.php (60)
in D:\xampp\htdocs\dr\protected\components\Controller.php (71)
in D:\xampp\htdocs\dr\protected\components\Controller.php (95)
2018/09/26 10:59:24 [warning] [application] Failed to set unsafe attribute "scenario" of "QcForm".
in D:\xampp\htdocs\dr\protected\controllers\QcController.php (70)
in D:\xampp\htdocs\dr\protected\components\Controller.php (71)
in D:\xampp\htdocs\dr\protected\components\Controller.php (95)
2018/09/26 10:59:53 [warning] [application] Failed to set unsafe attribute "scenario" of "QcForm".
in D:\xampp\htdocs\dr\protected\controllers\QcController.php (70)
in D:\xampp\htdocs\dr\protected\components\Controller.php (71)
in D:\xampp\htdocs\dr\protected\components\Controller.php (95)
2018/09/26 11:04:00 [warning] [application] Failed to set unsafe attribute "scenario" of "QcForm".
in D:\xampp\htdocs\dr\protected\controllers\QcController.php (70)
in D:\xampp\htdocs\dr\protected\components\Controller.php (71)
in D:\xampp\htdocs\dr\protected\components\Controller.php (95)
2018/09/26 11:10:09 [warning] [application] Failed to set unsafe attribute "scenario" of "QcForm".
in D:\xampp\htdocs\dr\protected\controllers\QcController.php (70)
in D:\xampp\htdocs\dr\protected\components\Controller.php (71)
in D:\xampp\htdocs\dr\protected\components\Controller.php (95)
2018/09/26 11:10:21 [warning] [application] Failed to set unsafe attribute "scenario" of "QcForm".
in D:\xampp\htdocs\dr\protected\controllers\QcController.php (70)
in D:\xampp\htdocs\dr\protected\components\Controller.php (71)
in D:\xampp\htdocs\dr\protected\components\Controller.php (95)
2018/09/26 11:10:56 [warning] [application] Failed to set unsafe attribute "scenario" of "QcForm".
in D:\xampp\htdocs\dr\protected\controllers\QcController.php (70)
in D:\xampp\htdocs\dr\protected\components\Controller.php (71)
in D:\xampp\htdocs\dr\protected\components\Controller.php (95)
2018/09/26 11:11:02 [warning] [application] Failed to set unsafe attribute "scenario" of "QcForm".
in D:\xampp\htdocs\dr\protected\controllers\QcController.php (70)
in D:\xampp\htdocs\dr\protected\components\Controller.php (71)
in D:\xampp\htdocs\dr\protected\components\Controller.php (95)
2018/09/26 11:12:57 [warning] [application] Failed to set unsafe attribute "scenario" of "QcForm".
in D:\xampp\htdocs\dr\protected\controllers\QcController.php (70)
in D:\xampp\htdocs\dr\protected\components\Controller.php (71)
in D:\xampp\htdocs\dr\protected\components\Controller.php (95)
2018/09/26 11:13:12 [warning] [application] Failed to set unsafe attribute "scenario" of "QcForm".
in D:\xampp\htdocs\dr\protected\controllers\QcController.php (70)
in D:\xampp\htdocs\dr\protected\components\Controller.php (71)
in D:\xampp\htdocs\dr\protected\components\Controller.php (95)
